<?xml version="1.0" encoding="UTF-8"?>
<testng-results ignored="0" total="1" passed="1" failed="0" skipped="0">
  <reporter-output>
  </reporter-output>
  <suite started-at="2024-12-23T12:20:20 WAT" name="Suite" finished-at="2024-12-23T12:20:23 WAT" duration-ms="3005">
    <groups>
    </groups>
    <test started-at="2024-12-23T12:20:20 WAT" name="Test" finished-at="2024-12-23T12:20:23 WAT" duration-ms="3005">
      <class name="com.todos.tests.AddTodoTests">
        <test-method is-config="true" signature="setupTest(java.lang.String)[pri:0, instance:com.todos.tests.AddTodoTests@20ce78ec]" started-at="2024-12-23T12:20:20 WAT" name="setupTest" finished-at="2024-12-23T12:20:23 WAT" duration-ms="2397" status="PASS">
          <params>
            <param index="0">
              <value>
                <![CDATA[chrome]]>
              </value>
            </param>
          </params>
          <reporter-output>
          </reporter-output>
        </test-method> <!-- setupTest -->
        <test-method signature="iCanAddToDo()[pri:1, instance:com.todos.tests.AddTodoTests@20ce78ec]" started-at="2024-12-23T12:20:23 WAT" name="iCanAddToDo" finished-at="2024-12-23T12:20:23 WAT" duration-ms="448" status="PASS">
          <reporter-output>
          </reporter-output>
        </test-method> <!-- iCanAddToDo -->
        <test-method is-config="true" signature="cleanTest()[pri:0, instance:com.todos.tests.AddTodoTests@20ce78ec]" started-at="2024-12-23T12:20:23 WAT" name="cleanTest" finished-at="2024-12-23T12:20:23 WAT" duration-ms="130" status="PASS">
          <reporter-output>
          </reporter-output>
        </test-method> <!-- cleanTest -->
      </class> <!-- com.todos.tests.AddTodoTests -->
    </test> <!-- Test -->
  </suite> <!-- Suite -->
</testng-results>
